d:\documentos\master computación gráfica\rendering\redering_pathtracing\proyecto\asdf\rendering\x64\vc141.pdb
d:\documentos\master computación gráfica\rendering\redering_pathtracing\proyecto\asdf\rendering\x64\vc141.idb
d:\documentos\master computación gráfica\rendering\redering_pathtracing\proyecto\asdf\rendering\x64\ass_parser.obj
d:\documentos\master computación gráfica\rendering\redering_pathtracing\proyecto\asdf\rendering\x64\camera.obj
d:\documentos\master computación gráfica\rendering\redering_pathtracing\proyecto\asdf\rendering\x64\area_light.obj
d:\documentos\master computación gráfica\rendering\redering_pathtracing\proyecto\asdf\rendering\x64\point_light.obj
d:\documentos\master computación gráfica\rendering\redering_pathtracing\proyecto\asdf\rendering\x64\ma_writer.obj
d:\documentos\master computación gráfica\rendering\redering_pathtracing\proyecto\asdf\rendering\x64\reporter.obj
d:\documentos\master computación gráfica\rendering\redering_pathtracing\proyecto\bin\x64\debug\rendering.dll
d:\documentos\master computación gráfica\rendering\redering_pathtracing\proyecto\bin\x64\debug\rendering.ilk
d:\documentos\master computación gráfica\rendering\redering_pathtracing\proyecto\asdf\rendering\x64\rendering.pdb
d:\documentos\master computación gráfica\rendering\redering_pathtracing\proyecto\deploy\x64\debug\rendering.lib
d:\documentos\master computación gráfica\rendering\redering_pathtracing\proyecto\deploy\x64\debug\rendering.exp
d:\documentos\master computación gráfica\rendering\redering_pathtracing\proyecto\asdf\rendering\x64\rendering.tlog\cl.command.1.tlog
d:\documentos\master computación gráfica\rendering\redering_pathtracing\proyecto\asdf\rendering\x64\rendering.tlog\cl.read.1.tlog
d:\documentos\master computación gráfica\rendering\redering_pathtracing\proyecto\asdf\rendering\x64\rendering.tlog\cl.write.1.tlog
d:\documentos\master computación gráfica\rendering\redering_pathtracing\proyecto\asdf\rendering\x64\rendering.tlog\link.command.1.tlog
d:\documentos\master computación gráfica\rendering\redering_pathtracing\proyecto\asdf\rendering\x64\rendering.tlog\link.read.1.tlog
d:\documentos\master computación gráfica\rendering\redering_pathtracing\proyecto\asdf\rendering\x64\rendering.tlog\link.write.1.tlog
d:\documentos\master computación gráfica\rendering\redering_pathtracing\proyecto\asdf\rendering\x64\rendering.tlog\rendering.write.1u.tlog
